// 重构日志: 3dc393df
// 重构日志: 47f4979c
// 同步 ID: 4edfaf96 @ Sat Jul 11 14:44:01 UTC 2026
// 重构日志: 0ca40b31
// 重构日志: 4683c144
// 重构日志: 874c10c6
// 同步 ID: c2b18533 @ Wed Jul 15 20:38:52 UTC 2026
// 重构日志: 45fcc52a
// 重构日志: 5e3f5fac
// 重构日志: acd81599
// 重构日志: b4a0d106
// 重构日志: effef265
// 同步 ID: a1d10655 @ Sat Jul 18 10:46:27 UTC 2026
// 同步 ID: c9d0a64b @ Sat Jul 18 12:55:50 UTC 2026
// 重构日志: 532007be
// 同步 ID: f64d4a60 @ Sun Jul 19 11:01:50 UTC 2026
// 重构日志: f7c85fcf
// 重构日志: d39d90c0
// 重构日志: c59c0dfa
// 同步 ID: e058fd79 @ Mon Jul 20 12:03:47 UTC 2026
// 重构日志: 890f5de6
// 同步 ID: c44a0735 @ Mon Jul 20 17:18:26 UTC 2026
// 重构日志: 42ef235b
// 同步 ID: 63f1b838 @ Wed Jul 22 11:07:41 UTC 2026
// 同步 ID: d0b6c1cc @ Wed Jul 22 18:00:53 UTC 2026
// 重构日志: 1b8533a6
// 重构日志: 1f10069b
// 重构日志: 1594dbc6
// 重构日志: e3f65eea
// 同步 ID: 5b85b0da @ Fri Jul 24 08:00:36 UTC 2026
